Using pre-set license
Built from '2020.3/staging' branch; Version is '2020.3.4f1 (0abb6314276a) revision 703331'; Using compiler version '192528614'; Build Type 'Release'
OS: 'Windows 10 Home Single Language; OS build 19041.1052; Version 2004; 64bit' Language: 'en' Physical Memory: 12174 MB
BatchMode: 1, IsHumanControllingUs: 0, StartBugReporterOnCrash: 0, Is64bit: 1, IsPro: 0

 COMMAND LINE ARGUMENTS:
C:\Program Files\Unity\Hub\Editor\2020.3.4f1\Editor\Unity.exe
-adb2
-batchMode
-noUpm
-name
AssetImportWorker0
-projectPath
D:/Kodingan/Github/Pemsim_UAS
-logFile
Logs/AssetImportWorker0.log
-srvPort
58764
Successfully changed project path to: D:/Kodingan/Github/Pemsim_UAS
D:/Kodingan/Github/Pemsim_UAS
Using Asset Import Pipeline V2.
Refreshing native plugins compatible for Editor in 43.61 ms, found 2 plugins.
Preloading 0 native plugins for Editor in 0.00 ms.
Initialize engine version: 2020.3.4f1 (0abb6314276a)
[Subsystems] Discovering subsystems at path C:/Program Files/Unity/Hub/Editor/2020.3.4f1/Editor/Data/Resources/UnitySubsystems
[Subsystems] Discovering subsystems at path D:/Kodingan/Github/Pemsim_UAS/Assets
GfxDevice: creating device client; threaded=0
Direct3D:
    Version:  Direct3D 11.0 [level 11.0]
    Renderer: NVIDIA GeForce 930MX (ID=0x134e)
    Vendor:   
    VRAM:     2010 MB
    Driver:   27.21.14.5167
Initialize mono
Mono path[0] = 'C:/Program Files/Unity/Hub/Editor/2020.3.4f1/Editor/Data/Managed'
Mono path[1] = 'C:/Program Files/Unity/Hub/Editor/2020.3.4f1/Editor/Data/MonoBleedingEdge/lib/mono/unityjit'
Mono config path = 'C:/Program Files/Unity/Hub/Editor/2020.3.4f1/Editor/Data/MonoBleedingEdge/etc'
Using monoOptions --debugger-agent=transport=dt_socket,embedding=1,server=y,suspend=n,address=127.0.0.1:56520
Begin MonoManager ReloadAssembly
Registering precompiled unity dll's ...
Register platform support module: C:/Program Files/Unity/Hub/Editor/2020.3.4f1/Editor/Data/PlaybackEngines/WindowsStandaloneSupport/UnityEditor.WindowsStandalone.Extensions.dll
Registered in 0.005291 seconds.
Native extension for WindowsStandalone target not found
Refreshing native plugins compatible for Editor in 52.27 ms, found 2 plugins.
Preloading 0 native plugins for Editor in 0.00 ms.
Mono: successfully reloaded assembly
- Completed reload, in  2.514 seconds
Platform modules already initialized, skipping
Registering precompiled user dll's ...
Registered in 0.019598 seconds.
Begin MonoManager ReloadAssembly
Native extension for WindowsStandalone target not found
Refreshing native plugins compatible for Editor in 0.48 ms, found 2 plugins.
Preloading 0 native plugins for Editor in 0.00 ms.
Mono: successfully reloaded assembly
- Completed reload, in  1.598 seconds
Platform modules already initialized, skipping
========================================================================
Worker process is ready to serve import requests
Launched and connected shader compiler UnityShaderCompiler.exe after 0.13 seconds
Refreshing native plugins compatible for Editor in 1.01 ms, found 2 plugins.
Preloading 0 native plugins for Editor in 0.00 ms.
Unloading 1287 Unused Serialized files (Serialized files now loaded: 0)
System memory in use before: 74.9 MB.
System memory in use after: 75.0 MB.

Unloading 27 unused Assets to reduce memory usage. Loaded Objects now: 1769.
Total: 4.660200 ms (FindLiveObjects: 0.348600 ms CreateObjectMapping: 0.172500 ms MarkObjects: 3.954000 ms  DeleteObjects: 0.181600 ms)

========================================================================
Received Import Request.
  path: Assets/Model/Bullet.prefab
  artifactKey: Guid(029dbc5fe93e2f2488dec711db0b2e59) Importer(815301076,1909f56bfc062723c751e8b465ee728b)
Start importing Assets/Model/Bullet.prefab using Guid(029dbc5fe93e2f2488dec711db0b2e59) Importer(815301076,1909f56bfc062723c751e8b465ee728b)  -> (artifact id: '8f95e79dd96dbf9a278fc439fdd70a86') in 0.258542 seconds
  Import took 0.263617 seconds .

========================================================================
Received Import Request.
  Time since last request: 7.980789 seconds.
  path: Assets/Model/Bullet.prefab
  artifactKey: Guid(029dbc5fe93e2f2488dec711db0b2e59) Importer(815301076,1909f56bfc062723c751e8b465ee728b)
Start importing Assets/Model/Bullet.prefab using Guid(029dbc5fe93e2f2488dec711db0b2e59) Importer(815301076,1909f56bfc062723c751e8b465ee728b)  -> (artifact id: '46e2dd5030de847fdef71c5446060671') in 0.012690 seconds
  Import took 0.015448 seconds .

